<?xml version="1.0" encoding="UTF-8"?>
<testng-results skipped="0" failed="0" ignored="0" total="1" passed="1">
  <reporter-output>
  </reporter-output>
  <suite name="Default suite" duration-ms="36970" started-at="2020-06-30T09:08:50 IST" finished-at="2020-06-30T09:09:27 IST">
    <groups>
    </groups>
    <test name="Default test" duration-ms="36970" started-at="2020-06-30T09:08:50 IST" finished-at="2020-06-30T09:09:27 IST">
      <class name="com.training.sanity.tests.AddTag">
        <test-method status="PASS" signature="setUpBeforeClass()[pri:0, instance:com.training.sanity.tests.AddTag@2a17b7b6]" name="setUpBeforeClass" is-config="true" duration-ms="18" started-at="2020-06-30T09:08:50 IST" finished-at="2020-06-30T09:08:50 IST">
          <reporter-output>
          </reporter-output>
        </test-method> <!-- setUpBeforeClass -->
        <test-method status="PASS" signature="setUp()[pri:0, instance:com.training.sanity.tests.AddTag@2a17b7b6]" name="setUp" is-config="true" duration-ms="32063" started-at="2020-06-30T09:08:50 IST" finished-at="2020-06-30T09:09:22 IST">
          <reporter-output>
          </reporter-output>
        </test-method> <!-- setUp -->
        <test-method status="PASS" signature="addTag()[pri:0, instance:com.training.sanity.tests.AddTag@2a17b7b6]" name="addTag" duration-ms="2975" started-at="2020-06-30T09:09:22 IST" finished-at="2020-06-30T09:09:25 IST">
          <reporter-output>
          </reporter-output>
        </test-method> <!-- addTag -->
        <test-method status="PASS" signature="tearDown()[pri:0, instance:com.training.sanity.tests.AddTag@2a17b7b6]" name="tearDown" is-config="true" duration-ms="1844" started-at="2020-06-30T09:09:25 IST" finished-at="2020-06-30T09:09:27 IST">
          <reporter-output>
          </reporter-output>
        </test-method> <!-- tearDown -->
      </class> <!-- com.training.sanity.tests.AddTag -->
    </test> <!-- Default test -->
  </suite> <!-- Default suite -->
</testng-results>
